<?xml version="1.0" encoding="UTF-8"?>
<!-- Generated by org.testng.reporters.JUnitReportReporter -->
<testsuite hostname="hkoul-8NFML94" failures="0" tests="1" name="HandlingScroll.TestScrollBy1" time="15.841" errors="0" timestamp="2025-07-28T14:48:55 IST" skipped="0">
  <testcase classname="HandlingScroll.TestScrollBy1" name="testScrollBy" time="15.841"/>
</testsuite> <!-- HandlingScroll.TestScrollBy1 -->
