<?xml version="1.0" encoding="UTF-8"?>
<!-- Generated by org.testng.reporters.JUnitReportReporter -->
<testsuite hostname="hkoul-8NFML94" failures="0" tests="1" name="RadioButtons.EaseMyTripRadioButtons" time="16.430" errors="0" timestamp="2025-07-28T10:31:49 IST" skipped="0">
  <testcase classname="RadioButtons.EaseMyTripRadioButtons" name="TestSpecialFareRadioButtons" time="16.430"/>
</testsuite> <!-- RadioButtons.EaseMyTripRadioButtons -->
