<?xml version="1.0" encoding="UTF-8"?>
<!-- Generated by org.testng.reporters.JUnitReportReporter -->
<testsuite hostname="hkoul-8NFML94" failures="0" tests="1" name="RadioButtons.EasyMyTripRadioButtons" time="25.545" errors="0" timestamp="2025-07-28T10:39:22 IST" skipped="0">
  <testcase classname="RadioButtons.EasyMyTripRadioButtons" name="TestRadioBtn" time="25.545"/>
</testsuite> <!-- RadioButtons.EasyMyTripRadioButtons -->
