<?xml version="1.0" encoding="UTF-8"?>
<!-- Generated by org.testng.reporters.JUnitReportReporter -->
<testsuite hostname="hkoul-8NFML94" failures="0" tests="1" name="RadioButtons.FacebookRadioBtns" time="12.088" errors="0" timestamp="2025-07-28T10:15:41 IST" skipped="0">
  <testcase classname="RadioButtons.FacebookRadioBtns" name="TestRadioBtn" time="12.088"/>
</testsuite> <!-- RadioButtons.FacebookRadioBtns -->
