<?xml version="1.0" encoding="UTF-8"?>
<!-- Generated by org.testng.reporters.JUnitReportReporter -->
<testsuite hostname="hkoul-8NFML94" failures="0" tests="1" name="screenShotsDemo.TestScreenShots" time="5.764" errors="0" timestamp="2025-07-28T14:22:13 IST" skipped="0">
  <testcase classname="screenShotsDemo.TestScreenShots" name="Browser" time="5.764"/>
</testsuite> <!-- screenShotsDemo.TestScreenShots -->
