<?xml version="1.0" encoding="UTF-8"?>
<!-- Generated by org.testng.reporters.JUnitReportReporter -->
<testsuite hostname="hkoul-8NFML94" failures="0" tests="1" name="ReadExcelData.DDTCaseStudy" time="19.655" errors="0" timestamp="2025-07-28T12:39:31 IST" skipped="0">
  <testcase classname="ReadExcelData.DDTCaseStudy" name="locatorsTestingBlog" time="19.655"/>
</testsuite> <!-- ReadExcelData.DDTCaseStudy -->
