<?xml version="1.0" encoding="UTF-8"?>
<!-- Generated by org.testng.reporters.JUnitReportReporter -->
<testsuite hostname="hkoul-8NFML94" failures="0" tests="1" name="testcases.EasyCalculationAutomation" time="9.299" errors="0" timestamp="2025-07-25T12:53:08 IST" skipped="0">
  <testcase classname="testcases.EasyCalculationAutomation" name="DemoTestID" time="9.299"/>
</testsuite> <!-- testcases.EasyCalculationAutomation -->
