<?xml version="1.0" encoding="UTF-8"?>
<!-- Generated by org.testng.reporters.JUnitReportReporter -->
<testsuite hostname="hkoul-8NFML94" failures="0" tests="1" name="DropDownBoxes.FacebookMonthList1" time="3.902" errors="0" timestamp="2025-07-25T15:40:12 IST" skipped="0">
  <testcase classname="DropDownBoxes.FacebookMonthList1" name="FaceBookMonth" time="3.902"/>
</testsuite> <!-- DropDownBoxes.FacebookMonthList1 -->
