<?xml version="1.0" encoding="UTF-8"?>
<!-- Generated by org.testng.reporters.JUnitReportReporter -->
<testsuite hostname="hkoul-8NFML94" failures="0" tests="1" name="DropDownBoxes.Facebook" time="19.364" errors="0" timestamp="2025-07-25T15:25:29 IST" skipped="0">
  <testcase classname="DropDownBoxes.Facebook" name="FBlaunch" time="19.364"/>
</testsuite> <!-- DropDownBoxes.Facebook -->
