<?xml version="1.0" encoding="UTF-8"?>
<!-- Generated by org.testng.reporters.JUnitReportReporter -->
<testsuite hostname="hkoul-8NFML94" failures="0" tests="1" name="HandlingAlerts.AlertPopups" time="11.153" errors="0" timestamp="2025-07-25T17:02:14 IST" skipped="0">
  <testcase classname="HandlingAlerts.AlertPopups" name="handleAlerts" time="11.153"/>
</testsuite> <!-- HandlingAlerts.AlertPopups -->
